Using pre-set license
Built from '2020.3/staging' branch; Version is '2020.3.19f1 (68f137dc9bbe) revision 6877495'; Using compiler version '192528614'; Build Type 'Release'
OS: 'Windows 10 Pro; OS build 19043.1348; Version 2009; 64bit' Language: 'en' Physical Memory: 8146 MB
BatchMode: 1, IsHumanControllingUs: 0, StartBugReporterOnCrash: 0, Is64bit: 1, IsPro: 0

COMMAND LINE ARGUMENTS:
C:\Program Files\Unity\Hub\Editor\2020.3.19f1\Editor\Unity.exe
-adb2
-batchMode
-noUpm
-name
AssetImportWorker0
-projectPath
C:/Users/customer1/Documents/Year 4 Semester 1/Games_engines1-Assignment-assignment/Assignment1
-logFile
Logs/AssetImportWorker0.log
-srvPort
62014
Successfully changed project path to: C:/Users/customer1/Documents/Year 4 Semester 1/Games_engines1-Assignment-assignment/Assignment1
C:/Users/customer1/Documents/Year 4 Semester 1/Games_engines1-Assignment-assignment/Assignment1
Using Asset Import Pipeline V2.
Refreshing native plugins compatible for Editor in 48.39 ms, found 2 plugins.
Preloading 0 native plugins for Editor in 0.00 ms.
Initialize engine version: 2020.3.19f1 (68f137dc9bbe)
[Subsystems] Discovering subsystems at path C:/Program Files/Unity/Hub/Editor/2020.3.19f1/Editor/Data/Resources/UnitySubsystems
[Subsystems] Discovering subsystems at path C:/Users/customer1/Documents/Year 4 Semester 1/Games_engines1-Assignment-assignment/Assignment1/Assets
GfxDevice: creating device client; threaded=0
Direct3D:
    Version:  Direct3D 11.0 [level 11.1]
    Renderer: NVIDIA GeForce GTX 1650 (ID=0x1f82)
    Vendor:   
    VRAM:     3962 MB
    Driver:   27.21.14.6172
Initialize mono
Mono path[0] = 'C:/Program Files/Unity/Hub/Editor/2020.3.19f1/Editor/Data/Managed'
Mono path[1] = 'C:/Program Files/Unity/Hub/Editor/2020.3.19f1/Editor/Data/MonoBleedingEdge/lib/mono/unityjit'
Mono config path = 'C:/Program Files/Unity/Hub/Editor/2020.3.19f1/Editor/Data/MonoBleedingEdge/etc'
Using monoOptions --debugger-agent=transport=dt_socket,embedding=1,server=y,suspend=n,address=127.0.0.1:56740
Begin MonoManager ReloadAssembly
Registering precompiled unity dll's ...
Register platform support module: C:/Program Files/Unity/Hub/Editor/2020.3.19f1/Editor/Data/PlaybackEngines/WindowsStandaloneSupport/UnityEditor.WindowsStandalone.Extensions.dll
Registered in 0.003102 seconds.
Native extension for WindowsStandalone target not found
Refreshing native plugins compatible for Editor in 57.69 ms, found 2 plugins.
Preloading 0 native plugins for Editor in 0.00 ms.
Mono: successfully reloaded assembly
- Completed reload, in  1.774 seconds
Domain Reload Profiling:
	ReloadAssembly (1775ms)
		BeginReloadAssembly (78ms)
			ExecutionOrderSort (0ms)
			DisableScriptedObjects (0ms)
			BackupInstance (0ms)
			ReleaseScriptingObjects (0ms)
			CreateAndSetChildDomain (1ms)
		EndReloadAssembly (644ms)
			LoadAssemblies (75ms)
			RebuildTransferFunctionScriptingTraits (0ms)
			SetupTypeCache (214ms)
			ReleaseScriptCaches (0ms)
			RebuildScriptCaches (50ms)
			SetupLoadedEditorAssemblies (251ms)
				LogAssemblyErrors (0ms)
				InitializePlatformSupportModulesInManaged (6ms)
				SetLoadedEditorAssemblies (0ms)
				RefreshPlugins (58ms)
				BeforeProcessingInitializeOnLoad (26ms)
				ProcessInitializeOnLoadAttributes (121ms)
				ProcessInitializeOnLoadMethodAttributes (40ms)
				AfterProcessingInitializeOnLoad (0ms)
				EditorAssembliesLoaded (0ms)
			ExecutionOrderSort2 (0ms)
			AwakeInstancesAfterBackupRestoration (0ms)
Platform modules already initialized, skipping
Registering precompiled user dll's ...
Registered in 0.004235 seconds.
Begin MonoManager ReloadAssembly
Native extension for WindowsStandalone target not found
Refreshing native plugins compatible for Editor in 0.40 ms, found 2 plugins.
Preloading 0 native plugins for Editor in 0.00 ms.
Mono: successfully reloaded assembly
- Completed reload, in  1.429 seconds
Domain Reload Profiling:
	ReloadAssembly (1430ms)
		BeginReloadAssembly (209ms)
			ExecutionOrderSort (0ms)
			DisableScriptedObjects (7ms)
			BackupInstance (0ms)
			ReleaseScriptingObjects (0ms)
			CreateAndSetChildDomain (24ms)
		EndReloadAssembly (1132ms)
			LoadAssemblies (123ms)
			RebuildTransferFunctionScriptingTraits (0ms)
			SetupTypeCache (380ms)
			ReleaseScriptCaches (0ms)
			RebuildScriptCaches (60ms)
			SetupLoadedEditorAssemblies (435ms)
				LogAssemblyErrors (0ms)
				InitializePlatformSupportModulesInManaged (7ms)
				SetLoadedEditorAssemblies (1ms)
				RefreshPlugins (0ms)
				BeforeProcessingInitializeOnLoad (112ms)
				ProcessInitializeOnLoadAttributes (297ms)
				ProcessInitializeOnLoadMethodAttributes (7ms)
				AfterProcessingInitializeOnLoad (11ms)
				EditorAssembliesLoaded (0ms)
			ExecutionOrderSort2 (0ms)
			AwakeInstancesAfterBackupRestoration (10ms)
Platform modules already initialized, skipping
========================================================================
Worker process is ready to serve import requests
Launched and connected shader compiler UnityShaderCompiler.exe after 0.08 seconds
Refreshing native plugins compatible for Editor in 0.39 ms, found 2 plugins.
Preloading 0 native plugins for Editor in 0.00 ms.
Unloading 1406 Unused Serialized files (Serialized files now loaded: 0)
System memory in use before: 79.5 MB.
System memory in use after: 79.6 MB.

Unloading 16 unused Assets to reduce memory usage. Loaded Objects now: 1857.
Total: 3.734000 ms (FindLiveObjects: 0.190700 ms CreateObjectMapping: 0.093600 ms MarkObjects: 3.357700 ms  DeleteObjects: 0.090100 ms)

AssetImportParameters requested are different than current active one (requested -> active):
  custom:framework-win-MediaFoundation: 216162199b28c13a410421893ffa2e32 -> 
  custom:video-decoder-ogg-theora: a1e56fd34408186e4bbccfd4996cb3dc -> 
  custom:container-muxer-webm: aa71ff27fc2769a1b78a27578f13a17b -> 
  custom:container-demuxer-webm: 4f35f7cbe854078d1ac9338744f61a02 -> 
  custom:container-demuxer-ogg: 62fdf1f143b41e24485cea50d1cbac27 -> 
  custom:video-encoder-webm-vp8: eb34c28f22e8b96e1ab97ce403110664 -> 
  custom:video-decoder-webm-vp8: 9c59270c3fd7afecdb556c50c9e8de78 -> 
  custom:audio-decoder-ogg-vorbis: bf7c407c2cedff20999df2af8eb42d56 -> 
  custom:audio-encoder-webm-vorbis: bf7c407c2cedff20999df2af8eb42d56 -> 
========================================================================
Received Import Request.
  path: Assets/Mountain Terrain/Trees/materials/bark07.png
  artifactKey: Guid(c0061ff844a9b2947b2bbd88ff564bba) Importer(815301076,1909f56bfc062723c751e8b465ee728b)
Start importing Assets/Mountain Terrain/Trees/materials/bark07.png using Guid(c0061ff844a9b2947b2bbd88ff564bba) Importer(815301076,1909f56bfc062723c751e8b465ee728b)  -> (artifact id: 'e8e20a779ac2946c2bb48ba4449f325c') in 0.233198 seconds 
  Import took 0.236514 seconds .

========================================================================
Received Import Request.
  Time since last request: 0.000259 seconds.
  path: Assets/Mountain Terrain/Trees/materials
  artifactKey: Guid(a24dabd7e68e57d4ea5c6834dc1d9ff4) Importer(815301076,1909f56bfc062723c751e8b465ee728b)
Start importing Assets/Mountain Terrain/Trees/materials using Guid(a24dabd7e68e57d4ea5c6834dc1d9ff4) Importer(815301076,1909f56bfc062723c751e8b465ee728b)  -> (artifact id: '502f0bfc8898262bfa725ac83cbf3f10') in 0.024658 seconds 
  Import took 0.028860 seconds .

========================================================================
Received Import Request.
  Time since last request: 0.000304 seconds.
  path: Assets/Mountain Terrain/Trees/materials/acacia1 Blend_n.png
  artifactKey: Guid(434e21e9516ef9a4e8064ec371b10d15) Importer(815301076,1909f56bfc062723c751e8b465ee728b)
Start importing Assets/Mountain Terrain/Trees/materials/acacia1 Blend_n.png using Guid(434e21e9516ef9a4e8064ec371b10d15) Importer(815301076,1909f56bfc062723c751e8b465ee728b)  -> (artifact id: 'd7de1b8ac4c0869bcaa51bd101c9072c') in 0.053216 seconds 
  Import took 0.057634 seconds .

========================================================================
Received Import Request.
  Time since last request: 0.000240 seconds.
  path: Assets/Mountain Terrain/Trees/materials/bark07_n.png
  artifactKey: Guid(d5839c241788dcd4880baaa26516fda5) Importer(815301076,1909f56bfc062723c751e8b465ee728b)
Start importing Assets/Mountain Terrain/Trees/materials/bark07_n.png using Guid(d5839c241788dcd4880baaa26516fda5) Importer(815301076,1909f56bfc062723c751e8b465ee728b)  -> (artifact id: 'f7ce56a723f26b99ecf506c6442e31df') in 0.028160 seconds 
  Import took 0.031176 seconds .

========================================================================
Received Import Request.
  Time since last request: 0.000222 seconds.
  path: Assets/Mountain Terrain/Trees/materials/acacia1 Blend_s.png
  artifactKey: Guid(d362d6dd3f0925f45b0c53147dc0b391) Importer(815301076,1909f56bfc062723c751e8b465ee728b)
Start importing Assets/Mountain Terrain/Trees/materials/acacia1 Blend_s.png using Guid(d362d6dd3f0925f45b0c53147dc0b391) Importer(815301076,1909f56bfc062723c751e8b465ee728b)  -> (artifact id: 'ea1040b82ba26258d4120a2754cc7dad') in 0.030136 seconds 
  Import took 0.033185 seconds .

========================================================================
Received Import Request.
  Time since last request: 0.000234 seconds.
  path: Assets/Mountain Terrain/Trees/materials/bark07_s.png
  artifactKey: Guid(4e59ef115bff12442b28a755fd77a074) Importer(815301076,1909f56bfc062723c751e8b465ee728b)
Start importing Assets/Mountain Terrain/Trees/materials/bark07_s.png using Guid(4e59ef115bff12442b28a755fd77a074) Importer(815301076,1909f56bfc062723c751e8b465ee728b)  -> (artifact id: 'eab1b4ab153ec442dd60cc058c02d27e') in 0.020368 seconds 
  Import took 0.023514 seconds .

========================================================================
Received Import Request.
  Time since last request: 0.000216 seconds.
  path: Assets/Mountain Terrain/Trees/materials/acacia1.png
  artifactKey: Guid(3dcf17064d341bc4a9d3b0bdc0fc96e6) Importer(815301076,1909f56bfc062723c751e8b465ee728b)
Start importing Assets/Mountain Terrain/Trees/materials/acacia1.png using Guid(3dcf17064d341bc4a9d3b0bdc0fc96e6) Importer(815301076,1909f56bfc062723c751e8b465ee728b)  -> (artifact id: '3f89eb5cf3f94db09a0c79a07de1d0f6') in 0.019009 seconds 
  Import took 0.024407 seconds .

========================================================================
Received Import Request.
  Time since last request: 13.252660 seconds.
  path: Assets/Mountain Terrain/stone_03/Stone_03_low_DefaultMaterial_AlbedoTransparency.png
  artifactKey: Guid(62d382627a84bbd4885047103725ad86) Importer(815301076,1909f56bfc062723c751e8b465ee728b)
Start importing Assets/Mountain Terrain/stone_03/Stone_03_low_DefaultMaterial_AlbedoTransparency.png using Guid(62d382627a84bbd4885047103725ad86) Importer(815301076,1909f56bfc062723c751e8b465ee728b)  -> (artifact id: '12213df7ec35f99e31617de481098110') in 0.187474 seconds 
  Import took 0.190903 seconds .

========================================================================
Received Import Request.
  Time since last request: 0.000316 seconds.
  path: Assets/Mountain Terrain/stone_03/Stone_03_low_DefaultMaterial_AO.png
  artifactKey: Guid(3e8311f62e29d3f48bcf6a4d8f3eb1c8) Importer(815301076,1909f56bfc062723c751e8b465ee728b)
Start importing Assets/Mountain Terrain/stone_03/Stone_03_low_DefaultMaterial_AO.png using Guid(3e8311f62e29d3f48bcf6a4d8f3eb1c8) Importer(815301076,1909f56bfc062723c751e8b465ee728b)  -> (artifact id: '1ca417067684488d62a980dc755b05e1') in 0.059731 seconds 
  Import took 0.062432 seconds .

========================================================================
Received Import Request.
  Time since last request: 0.000289 seconds.
  path: Assets/Mountain Terrain/stone_03/Stone_03_low_DefaultMaterial_Normal.png
  artifactKey: Guid(a36c16f0d3904884f987362a2eb03643) Importer(815301076,1909f56bfc062723c751e8b465ee728b)
Start importing Assets/Mountain Terrain/stone_03/Stone_03_low_DefaultMaterial_Normal.png using Guid(a36c16f0d3904884f987362a2eb03643) Importer(815301076,1909f56bfc062723c751e8b465ee728b)  -> (artifact id: '3a1f352785851d17f78da90ca9b2bb81') in 0.176129 seconds 
  Import took 0.178979 seconds .

========================================================================
Received Import Request.
  Time since last request: 0.000306 seconds.
  path: Assets/Mountain Terrain/stone_03/Stone_03_low_DefaultMaterial_SpecularSmoothness.png
  artifactKey: Guid(35a976a505be1fe4495f1677ca807c55) Importer(815301076,1909f56bfc062723c751e8b465ee728b)
Start importing Assets/Mountain Terrain/stone_03/Stone_03_low_DefaultMaterial_SpecularSmoothness.png using Guid(35a976a505be1fe4495f1677ca807c55) Importer(815301076,1909f56bfc062723c751e8b465ee728b)  -> (artifact id: 'a23c4691c113167f8e52ce01512c97aa') in 0.153574 seconds 
  Import took 0.157493 seconds .

========================================================================
Received Import Request.
  Time since last request: 56.984116 seconds.
  path: Assets/Scripts/mapGenerator.cs
  artifactKey: Guid(9ce78ac5877c15c4794b809b35371da1) Importer(815301076,1909f56bfc062723c751e8b465ee728b)
Start importing Assets/Scripts/mapGenerator.cs using Guid(9ce78ac5877c15c4794b809b35371da1) Importer(815301076,1909f56bfc062723c751e8b465ee728b)  -> (artifact id: '0957ae0b4220adf16cb6b0db88181492') in 0.078020 seconds 
  Import took 0.081423 seconds .

========================================================================
Received Import Request.
  Time since last request: 1391.285278 seconds.
  path: Assets/Scripts/mapGenerator.cs
  artifactKey: Guid(9ce78ac5877c15c4794b809b35371da1) Importer(815301076,1909f56bfc062723c751e8b465ee728b)
Start importing Assets/Scripts/mapGenerator.cs using Guid(9ce78ac5877c15c4794b809b35371da1) Importer(815301076,1909f56bfc062723c751e8b465ee728b)  -> (artifact id: '79e59c6e6b0bee2bdab887d41a349660') in 0.015637 seconds 
  Import took 0.029427 seconds .

========================================================================
Received Import Request.
  Time since last request: 21.678966 seconds.
  path: Assets/Scripts/mapGenerator.cs
  artifactKey: Guid(9ce78ac5877c15c4794b809b35371da1) Importer(815301076,1909f56bfc062723c751e8b465ee728b)
Start importing Assets/Scripts/mapGenerator.cs using Guid(9ce78ac5877c15c4794b809b35371da1) Importer(815301076,1909f56bfc062723c751e8b465ee728b)  -> (artifact id: 'd2959db3ec8c6665ece2a8e4b82cdf02') in 0.016813 seconds 
  Import took 0.123191 seconds .

========================================================================
Received Import Request.
  Time since last request: 615.928082 seconds.
  path: Assets/Scripts/TextureGenerator.cs
  artifactKey: Guid(acc016a773dd23c469364e5a5ee3085e) Importer(815301076,1909f56bfc062723c751e8b465ee728b)
Start importing Assets/Scripts/TextureGenerator.cs using Guid(acc016a773dd23c469364e5a5ee3085e) Importer(815301076,1909f56bfc062723c751e8b465ee728b)  -> (artifact id: 'de5b69bbc2e3250c5cc7ad7a081340ab') in 0.009705 seconds 
  Import took 0.031759 seconds .

========================================================================
Received Import Request.
  Time since last request: 238.338972 seconds.
  path: Assets/editor/mapGeneratorEditor.cs
  artifactKey: Guid(e08602fceaefa5941bea1faed37456fe) Importer(815301076,1909f56bfc062723c751e8b465ee728b)
Start importing Assets/editor/mapGeneratorEditor.cs using Guid(e08602fceaefa5941bea1faed37456fe) Importer(815301076,1909f56bfc062723c751e8b465ee728b)  -> (artifact id: '5c555db591bc25f42fdfe7a2e2b243b3') in 0.052631 seconds 
  Import took 0.076933 seconds .

========================================================================
Received Import Request.
  Time since last request: 498.253296 seconds.
  path: Assets/Scripts/mapGeneratorEditor.cs
  artifactKey: Guid(e08602fceaefa5941bea1faed37456fe) Importer(815301076,1909f56bfc062723c751e8b465ee728b)
Start importing Assets/Scripts/mapGeneratorEditor.cs using Guid(e08602fceaefa5941bea1faed37456fe) Importer(815301076,1909f56bfc062723c751e8b465ee728b)  -> (artifact id: '6715cfe79d8edd9028de78c9fd041947') in 0.013817 seconds 
  Import took 0.052007 seconds .

========================================================================
Received Prepare
Registering precompiled user dll's ...
Registered in 0.004500 seconds.
Begin MonoManager ReloadAssembly
Native extension for WindowsStandalone target not found
Refreshing native plugins compatible for Editor in 0.41 ms, found 2 plugins.
Preloading 0 native plugins for Editor in 0.00 ms.
Mono: successfully reloaded assembly
- Completed reload, in  1.753 seconds
Domain Reload Profiling:
	ReloadAssembly (1754ms)
		BeginReloadAssembly (255ms)
			ExecutionOrderSort (0ms)
			DisableScriptedObjects (16ms)
			BackupInstance (0ms)
			ReleaseScriptingObjects (0ms)
			CreateAndSetChildDomain (92ms)
		EndReloadAssembly (1400ms)
			LoadAssemblies (154ms)
			RebuildTransferFunctionScriptingTraits (0ms)
			SetupTypeCache (417ms)
			ReleaseScriptCaches (1ms)
			RebuildScriptCaches (57ms)
			SetupLoadedEditorAssemblies (640ms)
				LogAssemblyErrors (0ms)
				InitializePlatformSupportModulesInManaged (7ms)
				SetLoadedEditorAssemblies (1ms)
				RefreshPlugins (0ms)
				BeforeProcessingInitializeOnLoad (112ms)
				ProcessInitializeOnLoadAttributes (503ms)
				ProcessInitializeOnLoadMethodAttributes (6ms)
				AfterProcessingInitializeOnLoad (10ms)
				EditorAssembliesLoaded (1ms)
			ExecutionOrderSort2 (0ms)
			AwakeInstancesAfterBackupRestoration (10ms)
Platform modules already initialized, skipping
Refreshing native plugins compatible for Editor in 0.40 ms, found 2 plugins.
Preloading 0 native plugins for Editor in 0.00 ms.
Unloading 1399 Unused Serialized files (Serialized files now loaded: 0)
System memory in use before: 82.3 MB.
System memory in use after: 82.4 MB.

Unloading 11 unused Assets to reduce memory usage. Loaded Objects now: 1865.
Total: 3.520600 ms (FindLiveObjects: 0.166500 ms CreateObjectMapping: 0.069600 ms MarkObjects: 3.259500 ms  DeleteObjects: 0.023300 ms)

AssetImportParameters requested are different than current active one (requested -> active):
  custom:framework-win-MediaFoundation: 216162199b28c13a410421893ffa2e32 -> 
  custom:video-decoder-ogg-theora: a1e56fd34408186e4bbccfd4996cb3dc -> 
  custom:container-muxer-webm: aa71ff27fc2769a1b78a27578f13a17b -> 
  custom:container-demuxer-webm: 4f35f7cbe854078d1ac9338744f61a02 -> 
  custom:container-demuxer-ogg: 62fdf1f143b41e24485cea50d1cbac27 -> 
  custom:video-encoder-webm-vp8: eb34c28f22e8b96e1ab97ce403110664 -> 
  custom:video-decoder-webm-vp8: 9c59270c3fd7afecdb556c50c9e8de78 -> 
  custom:audio-decoder-ogg-vorbis: bf7c407c2cedff20999df2af8eb42d56 -> 
  custom:audio-encoder-webm-vorbis: bf7c407c2cedff20999df2af8eb42d56 -> 
AssetImportWorkerClient::OnTransportError - code=2 error=End of file
